sbatch run_vGWAS_subset.sh 704 lymphocyte.count.rint.ALL 4
Activating environment...
Starting...
vQTL testing...
Warning message:
package ‘BEDMatrix’ was built under R version 3.6.1 
Extracting number of samples and rownames from ukbb.17.50.impute.fam...
Extracting number of variants and colnames from ukbb.17.50.impute.bim...
[1] 100
[1] 200
[1] 300
[1] 400
[1] 500
[1] 600
[1] 700
[1] 800
[1] 900
[1] 1000
[1] 1100
[1] 1200
[1] 1300
[1] 1400
[1] 1500
[1] 1600
[1] 1700
[1] 1800
[1] 1900
[1] 2000
[1] 2100
[1] 2200
Error in names(x) <- value : 
  'names' attribute [4] must be the same length as the vector [2]
Calls: Fit_Model -> colnames<-
In addition: Warning message:
In mclapply(start:p, DeviationRegressionModel, mc.cores = num_cores) :
  all scheduled cores encountered errors in user code
Execution halted
Complete.
