sbatch run_vGWAS_subset.sh 1090 lymphocyte.count.rint.ALL 4
Activating environment...
Starting...
vQTL testing...
Let it run!
Warning message:
package ‘BEDMatrix’ was built under R version 3.6.1 
Extracting number of samples and rownames from ukbb.3.132.impute.fam...
Extracting number of variants and colnames from ukbb.3.132.impute.bim...
[1] 100
[1] 200
[1] 300
[1] 400
[1] 500
[1] 600
[1] 700
Error in names(x) <- value : 
  'names' attribute [4] must be the same length as the vector [2]
Calls: Fit_Model -> colnames<-
In addition: Warning message:
In mclapply(start:p, DeviationRegressionModel, mc.cores = num_cores) :
  all scheduled cores encountered errors in user code
Execution halted
Complete.
